
=== Wed Dec 15 00:25:35 2021

Packages were changed.
Update Mode: mergeDefaultDependencies

The following packages were added:
  com.unity.collab-proxy@1.13.5
  com.unity.ide.rider@2.0.7
  com.unity.ide.vscode@1.2.4
  com.unity.modules.ai@1.0.0
  com.unity.modules.androidjni@1.0.0
  com.unity.modules.cloth@1.0.0
  com.unity.modules.screencapture@1.0.0
  com.unity.modules.terrain@1.0.0
  com.unity.modules.terrainphysics@1.0.0
  com.unity.modules.uielements@1.0.0
  com.unity.modules.umbra@1.0.0
  com.unity.modules.unityanalytics@1.0.0
  com.unity.modules.vehicles@1.0.0
  com.unity.modules.wind@1.0.0

=== Wed Dec 15 00:28:03 2021

Packages were changed.
Update Mode: mergeDefaultDependencies

The following packages were added:
  com.unity.2d.animation@5.0.4
  com.unity.2d.pixel-perfect@4.0.1
  com.unity.2d.psdimporter@4.0.2
  com.unity.2d.sprite@1.0.0
  com.unity.2d.spriteshape@5.1.1
  com.unity.2d.tilemap@1.0.0

=== Thu Dec 16 00:00:09 2021

Packages were changed.
Update Mode: updateDependencies

The following packages were updated:
  com.unity.2d.animation from version 5.0.4 to 5.0.8
  com.unity.2d.psdimporter from version 4.0.2 to 4.1.1
  com.unity.2d.spriteshape from version 5.1.1 to 5.1.5
